\BOOKMARK [0][-]{chapter*.5}{Introduction}{}% 1
\BOOKMARK [-1][-]{part.1}{I Initial Phase - Planning and Research}{}% 2
\BOOKMARK [0][-]{chapter*.6}{Project Directive}{part.1}% 3
\BOOKMARK [1][-]{section.1.1}{Mandate}{chapter*.6}% 4
\BOOKMARK [2][-]{subsection.1.1.1}{Background}{section.1.1}% 5
\BOOKMARK [1][-]{section.1.2}{Objectives}{chapter*.6}% 6
\BOOKMARK [1][-]{section.1.3}{Resources and Duration}{chapter*.6}% 7
\BOOKMARK [1][-]{section.1.4}{Organization}{chapter*.6}% 8
\BOOKMARK [1][-]{section.1.5}{Planning}{chapter*.6}% 9
\BOOKMARK [1][-]{section.1.6}{Limitations and Scope}{chapter*.6}% 10
\BOOKMARK [1][-]{section.1.7}{Quality Assurance}{chapter*.6}% 11
\BOOKMARK [2][-]{subsection.1.7.1}{Status Reporting}{section.1.7}% 12
\BOOKMARK [2][-]{subsection.1.7.2}{Response Timelines}{section.1.7}% 13
\BOOKMARK [2][-]{subsection.1.7.3}{Risk Management}{section.1.7}% 14
\BOOKMARK [2][-]{subsection.1.7.4}{Document Respository}{section.1.7}% 15
\BOOKMARK [0][-]{chapter*.11}{Preliminary Study}{part.1}% 16
\BOOKMARK [1][-]{section.2.1}{Internet Privacy Technology}{chapter*.11}% 17
\BOOKMARK [2][-]{subsection.2.1.1}{What is Internet Privacy?}{section.2.1}% 18
\BOOKMARK [2][-]{subsection.2.1.2}{Current Privacy Technology}{section.2.1}% 19
\BOOKMARK [2][-]{subsection.2.1.3}{How Machine Learning Can Improve Privacy Advice}{section.2.1}% 20
\BOOKMARK [1][-]{section.2.2}{Case Based Reasoning}{chapter*.11}% 21
\BOOKMARK [1][-]{section.2.3}{Project Scope}{chapter*.11}% 22
\BOOKMARK [1][-]{section.2.4}{Development Model and Workflow}{chapter*.11}% 23
\BOOKMARK [2][-]{subsection.2.4.1}{The Waterfall Model}{section.2.4}% 24
\BOOKMARK [0][-]{chapter*.15}{Planning Phase}{part.1}% 25
\BOOKMARK [1][-]{section.3.1}{Project Phases}{chapter*.15}% 26
\BOOKMARK [2][-]{subsection.3.1.1}{Preliminary Study and Research}{section.3.1}% 27
\BOOKMARK [2][-]{subsection.3.1.2}{Planning}{section.3.1}% 28
\BOOKMARK [2][-]{subsection.3.1.3}{Requirement Specification}{section.3.1}% 29
\BOOKMARK [2][-]{subsection.3.1.4}{Design/Architecture}{section.3.1}% 30
\BOOKMARK [2][-]{subsection.3.1.5}{Implementation}{section.3.1}% 31
\BOOKMARK [2][-]{subsection.3.1.6}{Evaluation and Documentation}{section.3.1}% 32
\BOOKMARK [2][-]{subsection.3.1.7}{Ongoing Activities}{section.3.1}% 33
\BOOKMARK [1][-]{section.3.2}{Risk Report}{chapter*.15}% 34
\BOOKMARK [1][-]{section.3.3}{Measurement of project effects}{chapter*.15}% 35
\BOOKMARK [1][-]{section.3.4}{Project Plan}{chapter*.15}% 36
\BOOKMARK [2][-]{subsection.3.4.1}{Project Milestones}{section.3.4}% 37
\BOOKMARK [-1][-]{part.2}{II Design and Implementation Phase}{}% 38
\BOOKMARK [0][-]{chapter*.19}{Requirements Specification}{part.2}% 39
\BOOKMARK [1][-]{section.4.1}{Introduction}{chapter*.19}% 40
\BOOKMARK [2][-]{subsection.4.1.1}{Background and Current Privacy Advising Software}{section.4.1}% 41
\BOOKMARK [2][-]{subsection.4.1.2}{Scope}{section.4.1}% 42
\BOOKMARK [2][-]{subsection.4.1.3}{Overview}{section.4.1}% 43
\BOOKMARK [1][-]{section.4.2}{Overall Description}{chapter*.19}% 44
\BOOKMARK [1][-]{section.4.3}{System Description}{chapter*.19}% 45
\BOOKMARK [2][-]{subsection.4.3.1}{User Interface}{section.4.3}% 46
\BOOKMARK [2][-]{subsection.4.3.2}{Hardware and Software Interface}{section.4.3}% 47
\BOOKMARK [2][-]{subsection.4.3.3}{User Characteristic}{section.4.3}% 48
\BOOKMARK [1][-]{section.4.4}{Use Cases}{chapter*.19}% 49
\BOOKMARK [1][-]{section.4.5}{Specific Requirements}{chapter*.19}% 50
\BOOKMARK [2][-]{subsection.4.5.1}{Product perspective}{section.4.5}% 51
\BOOKMARK [2][-]{subsection.4.5.2}{Functional Requirements}{section.4.5}% 52
\BOOKMARK [2][-]{subsection.4.5.3}{Non-Functional Requirements}{section.4.5}% 53
\BOOKMARK [0][-]{chapter*.27}{Design}{part.2}% 54
\BOOKMARK [1][-]{section.5.1}{Development Tools and Technologies}{chapter*.27}% 55
\BOOKMARK [2][-]{subsection.5.1.1}{Documents and Source Code Repositories}{section.5.1}% 56
\BOOKMARK [2][-]{subsection.5.1.2}{Programming Languages}{section.5.1}% 57
\BOOKMARK [2][-]{subsection.5.1.3}{Databases}{section.5.1}% 58
\BOOKMARK [2][-]{subsection.5.1.4}{Third Party Libraries}{section.5.1}% 59
\BOOKMARK [1][-]{section.5.2}{Standards}{chapter*.27}% 60
\BOOKMARK [1][-]{section.5.3}{Architecture}{chapter*.27}% 61
\BOOKMARK [2][-]{subsection.5.3.1}{Design Overview}{section.5.3}% 62
